\BOOKMARK [1][]{Doc-Start}{MEMO}{}% 1
\BOOKMARK [1][]{section.1}{Introduction}{}% 2
\BOOKMARK [2][]{subsection.1.1}{Background}{section.1}% 3
\BOOKMARK [2][]{subsection.1.2}{Problem\040Restatement}{section.1}% 4
\BOOKMARK [2][]{subsection.1.3}{Assumptions}{section.1}% 5
\BOOKMARK [2][]{subsection.1.4}{Nomenclature}{section.1}% 6
\BOOKMARK [1][]{section.2}{Data\040Processing}{}% 7
\BOOKMARK [2][]{subsection.2.1}{NFLIS\040Data\040Processing}{section.2}% 8
\BOOKMARK [2][]{subsection.2.2}{U.S.\040Census\040Bureau\040Socio-economic\040Data\040Processing}{section.2}% 9
\BOOKMARK [1][]{section.3}{Part\0401}{}% 10
\BOOKMARK [2][]{subsection.3.1}{Initial\040Data\040Analysis}{section.3}% 11
\BOOKMARK [2][]{subsection.3.2}{\040Spread\040Model\040Construction}{section.3}% 12
\BOOKMARK [2][]{subsection.3.3}{Spread\040and\040Characteristics}{section.3}% 13
\BOOKMARK [2][]{subsection.3.4}{Identify\040Starting\040Locations}{section.3}% 14
\BOOKMARK [2][]{subsection.3.5}{Prediction}{section.3}% 15
\BOOKMARK [3][]{subsubsection.3.5.1}{Government\040Concerns}{subsection.3.5}% 16
\BOOKMARK [3][]{subsubsection.3.5.2}{Threshold\040Levels}{subsection.3.5}% 17
\BOOKMARK [3][]{subsubsection.3.5.3}{Places\040and\040Time}{subsection.3.5}% 18
\BOOKMARK [1][]{section.4}{Part\0402}{}% 19
\BOOKMARK [2][]{subsection.4.1}{Initial\040Data\040Analysis}{section.4}% 20
\BOOKMARK [2][]{subsection.4.2}{Model\040Construction}{section.4}% 21
\BOOKMARK [2][]{subsection.4.3}{Model\040Results}{section.4}% 22
\BOOKMARK [2][]{subsection.4.4}{Modify\040Model\040in\040Part\0401}{section.4}% 23
\BOOKMARK [1][]{section.5}{Part\0403}{}% 24
\BOOKMARK [2][]{subsection.5.1}{Identify\040A\040Possible\040Strategy}{section.5}% 25
\BOOKMARK [2][]{subsection.5.2}{Effectiveness\040Test\040and\040Significant\040Parameter\040Bounds}{section.5}% 26
\BOOKMARK [1][]{section.6}{Evaluation\040of\040Models}{}% 27
\BOOKMARK [2][]{subsection.6.1}{Strengths}{section.6}% 28
\BOOKMARK [2][]{subsection.6.2}{Weaknesses}{section.6}% 29
\BOOKMARK [1][]{subsection.6.2}{Reference}{}% 30
\BOOKMARK [1][]{section*.1}{Appendices}{}% 31
\BOOKMARK [1][]{Appendix.a.A}{Appendix\040\040Graphs}{}% 32
\BOOKMARK [1][]{Appendix.a.B}{Appendix\040Codes}{}% 33
